{"C:\\Users\\taral\\OneDrive\\Desktop\\React\\src\\components\\Contact.jsx": {"path":"C:\\Users\\taral\\OneDrive\\Desktop\\React\\src\\components\\Contact.jsx","statementMap":{"0":{"start":{"line":1,"column":16},"end":{"line":22,"column":1}},"1":{"start":{"line":2,"column":2},"end":{"line":21,"column":4}}},"fnMap":{"0":{"name":"(anonymous_0)","decl":{"start":{"line":1,"column":16},"end":{"line":1,"column":17}},"loc":{"start":{"line":1,"column":22},"end":{"line":22,"column":1}},"line":1}},"branchMap":{},"s":{"0":1,"1":2},"f":{"0":2},"b":{},"_coverageSchema":"1a1c01bbd47fc00a2c39e90264f33305004495a9","hash":"dd174dea198522ed984fa97a87946ffa2435fdb5"}
,"C:\\Users\\taral\\OneDrive\\Desktop\\React\\src\\components\\Sum.js": {"path":"C:\\Users\\taral\\OneDrive\\Desktop\\React\\src\\components\\Sum.js","statementMap":{"0":{"start":{"line":1,"column":12},"end":{"line":3,"column":1}},"1":{"start":{"line":2,"column":2},"end":{"line":2,"column":15}}},"fnMap":{"0":{"name":"(anonymous_0)","decl":{"start":{"line":1,"column":12},"end":{"line":1,"column":13}},"loc":{"start":{"line":1,"column":22},"end":{"line":3,"column":1}},"line":1}},"branchMap":{},"s":{"0":1,"1":1},"f":{"0":1},"b":{},"_coverageSchema":"1a1c01bbd47fc00a2c39e90264f33305004495a9","hash":"b27592959c090433d9b011949b8f488631797079"}
}
