{"C:\\Users\\taral\\OneDrive\\Desktop\\React\\src\\components\\Contact.jsx": {"path":"C:\\Users\\taral\\OneDrive\\Desktop\\React\\src\\components\\Contact.jsx","statementMap":{"0":{"start":{"line":1,"column":16},"end":{"line":22,"column":1}},"1":{"start":{"line":2,"column":2},"end":{"line":21,"column":4}}},"fnMap":{"0":{"name":"(anonymous_0)","decl":{"start":{"line":1,"column":16},"end":{"line":1,"column":17}},"loc":{"start":{"line":1,"column":22},"end":{"line":22,"column":1}},"line":1}},"branchMap":{},"s":{"0":1,"1":3},"f":{"0":3},"b":{},"_coverageSchema":"1a1c01bbd47fc00a2c39e90264f33305004495a9","hash":"dd174dea198522ed984fa97a87946ffa2435fdb5"}
,"C:\\Users\\taral\\OneDrive\\Desktop\\React\\src\\components\\Header.jsx": {"path":"C:\\Users\\taral\\OneDrive\\Desktop\\React\\src\\components\\Header.jsx","statementMap":{"0":{"start":{"line":9,"column":15},"end":{"line":58,"column":1}},"1":{"start":{"line":10,"column":36},"end":{"line":10,"column":53}},"2":{"start":{"line":11,"column":25},"end":{"line":11,"column":42}},"3":{"start":{"line":12,"column":27},"end":{"line":12,"column":50}},"4":{"start":{"line":13,"column":20},"end":{"line":13,"column":60}},"5":{"start":{"line":13,"column":43},"end":{"line":13,"column":59}},"6":{"start":{"line":15,"column":2},"end":{"line":15,"column":40}},"7":{"start":{"line":16,"column":2},"end":{"line":57,"column":4}},"8":{"start":{"line":44,"column":14},"end":{"line":46,"column":39}}},"fnMap":{"0":{"name":"(anonymous_0)","decl":{"start":{"line":9,"column":15},"end":{"line":9,"column":16}},"loc":{"start":{"line":9,"column":21},"end":{"line":58,"column":1}},"line":9},"1":{"name":"(anonymous_1)","decl":{"start":{"line":13,"column":32},"end":{"line":13,"column":33}},"loc":{"start":{"line":13,"column":43},"end":{"line":13,"column":59}},"line":13},"2":{"name":"(anonymous_2)","decl":{"start":{"line":43,"column":21},"end":{"line":43,"column":22}},"loc":{"start":{"line":44,"column":14},"end":{"line":46,"column":39}},"line":44}},"branchMap":{"0":{"loc":{"start":{"line":25,"column":30},"end":{"line":25,"column":58}},"type":"cond-expr","locations":[{"start":{"line":25,"column":47},"end":{"line":25,"column":51}},{"start":{"line":25,"column":54},"end":{"line":25,"column":58}}],"line":25},"1":{"loc":{"start":{"line":44,"column":14},"end":{"line":46,"column":39}},"type":"cond-expr","locations":[{"start":{"line":45,"column":18},"end":{"line":45,"column":40}},{"start":{"line":46,"column":18},"end":{"line":46,"column":39}}],"line":44}},"s":{"0":1,"1":4,"2":4,"3":4,"4":4,"5":7,"6":4,"7":4,"8":1},"f":{"0":4,"1":7,"2":1},"b":{"0":[4,0],"1":[1,0]},"_coverageSchema":"1a1c01bbd47fc00a2c39e90264f33305004495a9","hash":"c9873e662634bccf9ce255b4e4b95303f4c745ee"}
,"C:\\Users\\taral\\OneDrive\\Desktop\\React\\src\\components\\Sum.js": {"path":"C:\\Users\\taral\\OneDrive\\Desktop\\React\\src\\components\\Sum.js","statementMap":{"0":{"start":{"line":1,"column":12},"end":{"line":3,"column":1}},"1":{"start":{"line":2,"column":2},"end":{"line":2,"column":15}}},"fnMap":{"0":{"name":"(anonymous_0)","decl":{"start":{"line":1,"column":12},"end":{"line":1,"column":13}},"loc":{"start":{"line":1,"column":22},"end":{"line":3,"column":1}},"line":1}},"branchMap":{},"s":{"0":1,"1":1},"f":{"0":1},"b":{},"_coverageSchema":"1a1c01bbd47fc00a2c39e90264f33305004495a9","hash":"b27592959c090433d9b011949b8f488631797079"}
,"C:\\Users\\taral\\OneDrive\\Desktop\\React\\src\\utils\\UserContext.js": {"path":"C:\\Users\\taral\\OneDrive\\Desktop\\React\\src\\utils\\UserContext.js","statementMap":{"0":{"start":{"line":3,"column":20},"end":{"line":5,"column":2}}},"fnMap":{},"branchMap":{},"s":{"0":1},"f":{},"b":{},"_coverageSchema":"1a1c01bbd47fc00a2c39e90264f33305004495a9","hash":"aa9b1a491ca0e63dd4ece96b54e29fe0bd16f8c9"}
,"C:\\Users\\taral\\OneDrive\\Desktop\\React\\src\\utils\\appStore.js": {"path":"C:\\Users\\taral\\OneDrive\\Desktop\\React\\src\\utils\\appStore.js","statementMap":{"0":{"start":{"line":5,"column":17},"end":{"line":9,"column":2}}},"fnMap":{},"branchMap":{},"s":{"0":1},"f":{},"b":{},"_coverageSchema":"1a1c01bbd47fc00a2c39e90264f33305004495a9","hash":"6f4886e17973fa1f3c78470c13c6fdbf6a872437"}
,"C:\\Users\\taral\\OneDrive\\Desktop\\React\\src\\utils\\cartSlice.js": {"path":"C:\\Users\\taral\\OneDrive\\Desktop\\React\\src\\utils\\cartSlice.js","statementMap":{"0":{"start":{"line":3,"column":18},"end":{"line":37,"column":2}},"1":{"start":{"line":24,"column":6},"end":{"line":24,"column":39}},"2":{"start":{"line":27,"column":6},"end":{"line":27,"column":80}},"3":{"start":{"line":27,"column":49},"end":{"line":27,"column":78}},"4":{"start":{"line":30,"column":6},"end":{"line":30,"column":29}},"5":{"start":{"line":39,"column":50},"end":{"line":39,"column":67}}},"fnMap":{"0":{"name":"(anonymous_0)","decl":{"start":{"line":9,"column":13},"end":{"line":9,"column":14}},"loc":{"start":{"line":9,"column":32},"end":{"line":25,"column":5}},"line":9},"1":{"name":"(anonymous_1)","decl":{"start":{"line":26,"column":16},"end":{"line":26,"column":17}},"loc":{"start":{"line":26,"column":35},"end":{"line":28,"column":5}},"line":26},"2":{"name":"(anonymous_2)","decl":{"start":{"line":27,"column":39},"end":{"line":27,"column":40}},"loc":{"start":{"line":27,"column":49},"end":{"line":27,"column":78}},"line":27},"3":{"name":"(anonymous_3)","decl":{"start":{"line":29,"column":15},"end":{"line":29,"column":16}},"loc":{"start":{"line":29,"column":26},"end":{"line":35,"column":5}},"line":29}},"branchMap":{},"s":{"0":1,"1":0,"2":0,"3":0,"4":0,"5":1},"f":{"0":0,"1":0,"2":0,"3":0},"b":{},"_coverageSchema":"1a1c01bbd47fc00a2c39e90264f33305004495a9","hash":"5c0eb41affb5be377bab84d5f75459175666bd7d"}
,"C:\\Users\\taral\\OneDrive\\Desktop\\React\\src\\utils\\constants.js": {"path":"C:\\Users\\taral\\OneDrive\\Desktop\\React\\src\\utils\\constants.js","statementMap":{"0":{"start":{"line":2,"column":2},"end":{"line":2,"column":98}},"1":{"start":{"line":5,"column":2},"end":{"line":5,"column":85}},"2":{"start":{"line":8,"column":2},"end":{"line":8,"column":132}}},"fnMap":{},"branchMap":{},"s":{"0":1,"1":1,"2":1},"f":{},"b":{},"_coverageSchema":"1a1c01bbd47fc00a2c39e90264f33305004495a9","hash":"64a02383e82858203f182288ac24bb721167608d"}
,"C:\\Users\\taral\\OneDrive\\Desktop\\React\\src\\utils\\useOnlineStatus.js": {"path":"C:\\Users\\taral\\OneDrive\\Desktop\\React\\src\\utils\\useOnlineStatus.js","statementMap":{"0":{"start":{"line":3,"column":24},"end":{"line":17,"column":1}},"1":{"start":{"line":4,"column":42},"end":{"line":4,"column":56}},"2":{"start":{"line":6,"column":2},"end":{"line":14,"column":5}},"3":{"start":{"line":7,"column":4},"end":{"line":9,"column":7}},"4":{"start":{"line":8,"column":6},"end":{"line":8,"column":29}},"5":{"start":{"line":11,"column":4},"end":{"line":13,"column":7}},"6":{"start":{"line":12,"column":6},"end":{"line":12,"column":28}},"7":{"start":{"line":16,"column":2},"end":{"line":16,"column":22}}},"fnMap":{"0":{"name":"(anonymous_0)","decl":{"start":{"line":3,"column":24},"end":{"line":3,"column":25}},"loc":{"start":{"line":3,"column":30},"end":{"line":17,"column":1}},"line":3},"1":{"name":"(anonymous_1)","decl":{"start":{"line":6,"column":12},"end":{"line":6,"column":13}},"loc":{"start":{"line":6,"column":18},"end":{"line":14,"column":3}},"line":6},"2":{"name":"(anonymous_2)","decl":{"start":{"line":7,"column":39},"end":{"line":7,"column":40}},"loc":{"start":{"line":7,"column":45},"end":{"line":9,"column":5}},"line":7},"3":{"name":"(anonymous_3)","decl":{"start":{"line":11,"column":38},"end":{"line":11,"column":39}},"loc":{"start":{"line":11,"column":44},"end":{"line":13,"column":5}},"line":11}},"branchMap":{},"s":{"0":1,"1":4,"2":4,"3":4,"4":0,"5":4,"6":0,"7":4},"f":{"0":4,"1":4,"2":0,"3":0},"b":{},"_coverageSchema":"1a1c01bbd47fc00a2c39e90264f33305004495a9","hash":"02bb9f8702a67aab2aeb383f1b18cf73e1da69a4"}
}
